[1/7] Performing build step for 'bootloader'
[1/1] cmd.exe /C "cd /D C:\Users\Abdellah\eclipse-workspace-1\smart_home_\build\bootloader\esp-idf\esptool_py && python C:/esp/esp-idf-v5.0/components/partition_table/check_sizes.py --offset 0x8000 bootloader 0x1000 C:/Users/Abdellah/eclipse-workspace-1/smart_home_/build/bootloader/bootloader.bin"
Bootloader binary size 0x6710 bytes. 0x8f0 bytes (8%) free.
[2/5] Linking CXX executable app-template.elf
FAILED: app-template.elf 
cmd.exe /C "cd . && C:\esp\esp-idf-v5.0\tools\xtensa-esp32-elf\esp-2022r1-11.2.0\xtensa-esp32-elf\bin\xtensa-esp32-elf-g++.exe -mlongcalls -Wno-frame-address  @CMakeFiles\app-template.elf.rsp -o app-template.elf  && cd ."
c:/esp/esp-idf-v5.0/tools/xtensa-esp32-elf/esp-2022r1-11.2.0/xtensa-esp32-elf/bin/../lib/gcc/xtensa-esp32-elf/11.2.0/../../../../xtensa-esp32-elf/bin/ld.exe: esp-idf/main/libmain.a(ep_keypad.c.obj):C:/Users/Abdellah/eclipse-workspace-1/smart_home_/main/ep_keypad.h:7: multiple definition of `keypad_array'; esp-idf/main/libmain.a(main.c.obj):C:/Users/Abdellah/eclipse-workspace-1/smart_home_/main/ep_keypad.h:7: first defined here
collect2.exe: error: ld returned 1 exit status
ninja: build stopped: subcommand failed.
