[1/78] Building C object esp-idf/ep_analog_read/CMakeFiles/__idf_ep_analog_read.dir/analog_read.c.obj
FAILED: esp-idf/ep_analog_read/CMakeFiles/__idf_ep_analog_read.dir/analog_read.c.obj 
/home/abdellah/.espressif/tools/xtensa-esp32-elf/esp-2022r1-11.2.0/xtensa-esp32-elf/bin/xtensa-esp32-elf-gcc -DESP_PLATFORM -DIDF_VER=\"v5.1-dev-2668-g4c98bee8a4-dirty\" -D_GNU_SOURCE -D_POSIX_READER_WRITER_LOCKS -I/home/abdellah/esp-idf/ep_smart_house/build/config -I/home/abdellah/esp-idf/components/ep_analog_read -I/home/abdellah/esp-idf/components/newlib/platform_include -I/home/abdellah/esp-idf/components/freertos/FreeRTOS-Kernel/include -I/home/abdellah/esp-idf/components/freertos/FreeRTOS-Kernel/portable/xtensa/include -I/home/abdellah/esp-idf/components/freertos/esp_additions/include/freertos -I/home/abdellah/esp-idf/components/freertos/esp_additions/include -I/home/abdellah/esp-idf/components/esp_hw_support/include -I/home/abdellah/esp-idf/components/esp_hw_support/include/soc -I/home/abdellah/esp-idf/components/esp_hw_support/include/soc/esp32 -I/home/abdellah/esp-idf/components/esp_hw_support/port/esp32/. -I/home/abdellah/esp-idf/components/esp_hw_support/port/esp32/private_include -I/home/abdellah/esp-idf/components/heap/include -I/home/abdellah/esp-idf/components/log/include -I/home/abdellah/esp-idf/components/soc/include -I/home/abdellah/esp-idf/components/soc/esp32/. -I/home/abdellah/esp-idf/components/soc/esp32/include -I/home/abdellah/esp-idf/components/hal/esp32/include -I/home/abdellah/esp-idf/components/hal/include -I/home/abdellah/esp-idf/components/hal/platform_port/include -I/home/abdellah/esp-idf/components/esp_rom/include -I/home/abdellah/esp-idf/components/esp_rom/include/esp32 -I/home/abdellah/esp-idf/components/esp_rom/esp32 -I/home/abdellah/esp-idf/components/esp_common/include -I/home/abdellah/esp-idf/components/esp_system/include -I/home/abdellah/esp-idf/components/esp_system/port/soc -I/home/abdellah/esp-idf/components/esp_system/port/include/private -I/home/abdellah/esp-idf/components/xtensa/include -I/home/abdellah/esp-idf/components/xtensa/esp32/include -I/home/abdellah/esp-idf/components/lwip/include -I/home/abdellah/esp-idf/components/lwip/include/apps -I/home/abdellah/esp-idf/components/lwip/include/apps/sntp -I/home/abdellah/esp-idf/components/lwip/lwip/src/include -I/home/abdellah/esp-idf/components/lwip/port/esp32/include -I/home/abdellah/esp-idf/components/lwip/port/esp32/include/arch -mlongcalls -Wno-frame-address  -fdiagnostics-color=always -ffunction-sections -fdata-sections -Wall -Werror=all -Wno-error=unused-function -Wno-error=unused-variable -Wno-error=unused-but-set-variable -Wno-error=deprecated-declarations -Wextra -Wno-unused-parameter -Wno-sign-compare -Wno-enum-conversion -gdwarf-4 -ggdb -Og -fmacro-prefix-map=/home/abdellah/esp-idf/ep_smart_house=. -fmacro-prefix-map=/home/abdellah/esp-idf=/IDF -fstrict-volatile-bitfields -fno-jump-tables -fno-tree-switch-conversion -DconfigENABLE_FREERTOS_DEBUG_OCDAWARE=1 -std=gnu17 -Wno-old-style-declaration -MD -MT esp-idf/ep_analog_read/CMakeFiles/__idf_ep_analog_read.dir/analog_read.c.obj -MF esp-idf/ep_analog_read/CMakeFiles/__idf_ep_analog_read.dir/analog_read.c.obj.d -o esp-idf/ep_analog_read/CMakeFiles/__idf_ep_analog_read.dir/analog_read.c.obj -c /home/abdellah/esp-idf/components/ep_analog_read/analog_read.c
In file included from /home/abdellah/esp-idf/components/ep_analog_read/analog_read.c:3:
/home/abdellah/esp-idf/components/ep_analog_read/analog_read.h:9:10: fatal error: driver/adc.h: No such file or directory
    9 | #include "driver/adc.h"
      |          ^~~~~~~~~~~~~~
compilation terminated.
[2/78] Linking C static library esp-idf/esp_local_ctrl/libesp_local_ctrl.a
[3/78] Performing build step for 'bootloader'
[1/1] cd /home/abdellah/esp-idf/ep_smart_house/build/bootloader/esp-idf/esptool_py && /home/abdellah/.espressif/python_env/idf5.1_py3.11_env/bin/python /home/abdellah/esp-idf/components/partition_table/check_sizes.py --offset 0x8000 bootloader 0x1000 /home/abdellah/esp-idf/ep_smart_house/build/bootloader/bootloader.bin
Bootloader binary size 0x6720 bytes. 0x8e0 bytes (8%) free.
[4/76] Building C object esp-idf/espcoredump/CMakeFiles/__idf_espcoredump.dir/src/core_dump_binary.c.obj
[5/76] Building C object esp-idf/espcoredump/CMakeFiles/__idf_espcoredump.dir/src/port/xtensa/core_dump_port.c.obj
[6/76] Building C object esp-idf/ep_wifi/CMakeFiles/__idf_ep_wifi.dir/ep_wifi.c.obj
In file included from /home/abdellah/esp-idf/components/esp_wifi/include/esp_wifi.h:54,
                 from /home/abdellah/esp-idf/components/ep_wifi/ep_wifi.h:1,
                 from /home/abdellah/esp-idf/components/ep_wifi/ep_wifi.c:8:
/home/abdellah/esp-idf/components/ep_wifi/ep_wifi.c: In function 'init_wifi_event_loop':
/home/abdellah/esp-idf/components/ep_wifi/ep_wifi.c:47:78: warning: passing argument 3 of 'esp_event_handler_register' from incompatible pointer type [-Wincompatible-pointer-types]
   47 |     ESP_ERROR_CHECK(esp_event_handler_register(WIFI_EVENT, ESP_EVENT_ANY_ID, &wifi_event_handler, NULL));
      |                                                                              ^~~~~~~~~~~~~~~~~~~
      |                                                                              |
      |                                                                              void (*)(void *, const char **, int32_t,  void *) {aka void (*)(void *, const char **, long int,  void *)}
/home/abdellah/esp-idf/components/esp_common/include/esp_err.h:117:30: note: in definition of macro 'ESP_ERROR_CHECK'
  117 |         esp_err_t err_rc_ = (x);                                        \
      |                              ^
In file included from /home/abdellah/esp-idf/components/esp_wifi/include/esp_wifi.h:56,
                 from /home/abdellah/esp-idf/components/ep_wifi/ep_wifi.h:1,
                 from /home/abdellah/esp-idf/components/ep_wifi/ep_wifi.c:8:
/home/abdellah/esp-idf/components/esp_event/include/esp_event.h:138:58: note: expected 'esp_event_handler_t' {aka 'void (*)(void *, const char *, long int,  void *)'} but argument is of type 'void (*)(void *, const char **, int32_t,  void *)' {aka 'void (*)(void *, const char **, long int,  void *)'}
  138 |                                      esp_event_handler_t event_handler,
      |                                      ~~~~~~~~~~~~~~~~~~~~^~~~~~~~~~~~~
/home/abdellah/esp-idf/components/ep_wifi/ep_wifi.c: In function 'init_wifi':
/home/abdellah/esp-idf/components/ep_wifi/ep_wifi.c:105:26: warning: initialization of 'unsigned char' from 'char *' makes integer from pointer without a cast [-Wint-conversion]
  105 |                 .ssid = {ap.ssid},
      |                          ^~
/home/abdellah/esp-idf/components/ep_wifi/ep_wifi.c:105:26: note: (near initialization for 'cfg_sta.sta.ssid[0]')
/home/abdellah/esp-idf/components/ep_wifi/ep_wifi.c:106:30: warning: initialization of 'unsigned char' from 'char *' makes integer from pointer without a cast [-Wint-conversion]
  106 |                 .password = {ap.password},
      |                              ^~
/home/abdellah/esp-idf/components/ep_wifi/ep_wifi.c:106:30: note: (near initialization for 'cfg_sta.sta.password[0]')
In file included from /home/abdellah/esp-idf/components/esp_wifi/include/esp_wifi.h:54,
                 from /home/abdellah/esp-idf/components/ep_wifi/ep_wifi.h:1,
                 from /home/abdellah/esp-idf/components/ep_wifi/ep_wifi.c:8:
/home/abdellah/esp-idf/components/esp_common/include/esp_err.h:116:31: warning: this statement may fall through [-Wimplicit-fallthrough=]
  116 | #define ESP_ERROR_CHECK(x) do {                                         \
      |                               ^
/home/abdellah/esp-idf/components/ep_wifi/ep_wifi.c:121:9: note: in expansion of macro 'ESP_ERROR_CHECK'
  121 |         ESP_ERROR_CHECK(esp_wifi_connect());
      |         ^~~~~~~~~~~~~~~
/home/abdellah/esp-idf/components/ep_wifi/ep_wifi.c:122:9: note: here
  122 |         case 'a':
      |         ^~~~
At top level:
/home/abdellah/esp-idf/components/ep_wifi/ep_wifi.c:51:13: warning: 'print_auth_mode' defined but not used [-Wunused-function]
   51 | static void print_auth_mode(int authmode)
      |             ^~~~~~~~~~~~~~~
[7/76] Building C object esp-idf/espcoredump/CMakeFiles/__idf_espcoredump.dir/src/core_dump_uart.c.obj
[8/76] Building CXX object esp-idf/wear_levelling/CMakeFiles/__idf_wear_levelling.dir/Partition.cpp.obj
[9/76] Building CXX object esp-idf/wear_levelling/CMakeFiles/__idf_wear_levelling.dir/SPI_Flash.cpp.obj
[10/76] Building C object esp-idf/espcoredump/CMakeFiles/__idf_espcoredump.dir/src/core_dump_flash.c.obj
ninja: build stopped: subcommand failed.
